==================================================================
  Benchmark: beir
  Date: 2026-02-21 08:38:39
  GPU: NVIDIA GeForce RTX 4090
==================================================================


 BEIR Benchmark
 ────────────────────────────────────────
 Pipeline: retrieval_pipeline.retrieve

 Dataset: SciFact
 Loading scifact from HuggingFace... FAILED: Dataset scripts are no longer supported, but found scifact.py
 Loading scifact corpus... 5,183 docs, 300 queries (0.1s)
 RT indexing 5,183 documents... done (0.8s, 26,603 terms, 598,451 postings)

 [scifact] 1/300 (0%)
 [scifact] 15/300 (5%)
 [scifact] 30/300 (10%)
 [scifact] 45/300 (15%)
 [scifact] 60/300 (20%)
 [scifact] 75/300 (25%)
 [scifact] 90/300 (30%)
 [scifact] 105/300 (35%)
 [scifact] 120/300 (40%)
 [scifact] 135/300 (45%)
 [scifact] 150/300 (50%)
 [scifact] 165/300 (55%)
 [scifact] 180/300 (60%)
 [scifact] 195/300 (65%)
 [scifact] 210/300 (70%)
 [scifact] 225/300 (75%)
 [scifact] 240/300 (80%)
 [scifact] 255/300 (85%)
 [scifact] 270/300 (90%)
 [scifact] 285/300 (95%)
 [scifact] 300/300 (100%)
 [scifact] 300/300 (100%) 

 Dataset: NFCorpus
 Loading nfcorpus from HuggingFace... (qrels from cache: 12,334) 3,633 docs, 3,237 queries (5.0s)
 RT indexing 3,633 documents... done (0.5s, 19,330 terms, 455,708 postings)

 [nfcorpus] 1/3,237 (0%)
 [nfcorpus] 161/3,237 (5%)
 [nfcorpus] 322/3,237 (10%)
 [nfcorpus] 483/3,237 (15%)
 [nfcorpus] 644/3,237 (20%)
 [nfcorpus] 805/3,237 (25%)
 [nfcorpus] 966/3,237 (30%)
 [nfcorpus] 1,127/3,237 (35%)
 [nfcorpus] 1,288/3,237 (40%)
 [nfcorpus] 1,449/3,237 (45%)
 [nfcorpus] 1,610/3,237 (50%)
 [nfcorpus] 1,771/3,237 (55%)
 [nfcorpus] 1,932/3,237 (60%)
 [nfcorpus] 2,093/3,237 (65%)
 [nfcorpus] 2,254/3,237 (70%)
 [nfcorpus] 2,415/3,237 (75%)
 [nfcorpus] 2,576/3,237 (80%)
 [nfcorpus] 2,737/3,237 (85%)
 [nfcorpus] 2,898/3,237 (90%)
 [nfcorpus] 3,059/3,237 (95%)
 [nfcorpus] 3,220/3,237 (99%)
 [nfcorpus] 3,237/3,237 (100%) 

 Dataset: FiQA
 Loading fiqa from HuggingFace... FAILED: Dataset scripts are no longer supported, but found fiqa.py
 Loading fiqa corpus... 57,638 docs, 648 queries (0.3s)
 RT indexing 57,638 documents... done (5.0s, 55,437 terms, 4,680,355 postings)

 [fiqa] 1/648 (0%)
 [fiqa] 32/648 (5%)
 [fiqa] 64/648 (10%)
 [fiqa] 96/648 (15%)
 [fiqa] 128/648 (20%)
 [fiqa] 160/648 (25%)
 [fiqa] 192/648 (30%)
 [fiqa] 224/648 (35%)
 [fiqa] 256/648 (40%)
 [fiqa] 288/648 (44%)
 [fiqa] 320/648 (49%)
 [fiqa] 352/648 (54%)
 [fiqa] 384/648 (59%)
 [fiqa] 416/648 (64%)
 [fiqa] 448/648 (69%)
 [fiqa] 480/648 (74%)
 [fiqa] 512/648 (79%)
 [fiqa] 544/648 (84%)
 [fiqa] 576/648 (89%)
 [fiqa] 608/648 (94%)
 [fiqa] 640/648 (99%)
 [fiqa] 648/648 (100%) 

 Dataset: HotpotQA
 Loading hotpotqa from HuggingFace... FAILED: Dataset scripts are no longer supported, but found hotpotqa.py
 Loading hotpotqa corpus... 5,233,329 docs, 7,405 queries (18.6s)
 RT indexing 5,233,329 documents... 500,000... 1,000,000... 1,500,000... 2,000,000... 2,500,000... 3,000,000... 3,500,000... 4,000,000... 4,500,000... 5,000,000... done (294.7s, 1,996,613 terms, 174,788,943 postings)

 [hotpotqa] 1/7,405 (0%)
 [hotpotqa] 370/7,405 (5%)
 [hotpotqa] 740/7,405 (10%)
 [hotpotqa] 1,110/7,405 (15%)
 [hotpotqa] 1,480/7,405 (20%)
 [hotpotqa] 1,850/7,405 (25%)
 [hotpotqa] 2,220/7,405 (30%)
 [hotpotqa] 2,590/7,405 (35%)
 [hotpotqa] 2,960/7,405 (40%)
 [hotpotqa] 3,330/7,405 (45%)
 [hotpotqa] 3,700/7,405 (50%)
 [hotpotqa] 4,070/7,405 (55%)
 [hotpotqa] 4,440/7,405 (60%)
 [hotpotqa] 4,810/7,405 (65%)
 [hotpotqa] 5,180/7,405 (70%)
 [hotpotqa] 5,550/7,405 (75%)
 [hotpotqa] 5,920/7,405 (80%)
 [hotpotqa] 6,290/7,405 (85%)
 [hotpotqa] 6,660/7,405 (90%)
 [hotpotqa] 7,030/7,405 (95%)
 [hotpotqa] 7,400/7,405 (100%)
 [hotpotqa] 7,405/7,405 (100%) 

 Dataset: FEVER
 Loading fever from HuggingFace... FAILED: Dataset scripts are no longer supported, but found fever.py
 Loading fever corpus... 5,416,568 docs, 6,666 queries (25.1s)
 RT indexing 5,416,568 documents... 500,000... 1,000,000... 1,500,000... 2,000,000... 2,500,000... 3,000,000... 3,500,000... 4,000,000... 4,500,000... 5,000,000... done (540.2s, 2,547,391 terms, 286,913,755 postings)

 [fever] 1/6,666 (0%)
 [fever] 333/6,666 (5%)
 [fever] 666/6,666 (10%)
 [fever] 999/6,666 (15%)
 [fever] 1,332/6,666 (20%)
 [fever] 1,665/6,666 (25%)
 [fever] 1,998/6,666 (30%)
 [fever] 2,331/6,666 (35%)
 [fever] 2,664/6,666 (40%)
 [fever] 2,997/6,666 (45%)
 [fever] 3,330/6,666 (50%)
 [fever] 3,663/6,666 (55%)
 [fever] 3,996/6,666 (60%)
 [fever] 4,329/6,666 (65%)
 [fever] 4,662/6,666 (70%)
 [fever] 4,995/6,666 (75%)
 [fever] 5,328/6,666 (80%)
 [fever] 5,661/6,666 (85%)
 [fever] 5,994/6,666 (90%)
 [fever] 6,327/6,666 (95%)
 [fever] 6,660/6,666 (100%)
 [fever] 6,666/6,666 (100%) 

 Dataset: Natural Questions
 Loading nq from HuggingFace... FAILED: Dataset scripts are no longer supported, but found nq.py
 Loading nq corpus... 2,681,468 docs, 3,452 queries (12.0s)
 RT indexing 2,681,468 documents... 500,000... 1,000,000... 1,500,000... 2,000,000... 2,500,000... done (226.4s, 759,834 terms, 147,252,328 postings)

 [nq] 1/3,452 (0%)
 [nq] 172/3,452 (5%)
 [nq] 344/3,452 (10%)
 [nq] 516/3,452 (15%)
 [nq] 688/3,452 (20%)
 [nq] 860/3,452 (25%)
 [nq] 1,032/3,452 (30%)
 [nq] 1,204/3,452 (35%)
 [nq] 1,376/3,452 (40%)
 [nq] 1,548/3,452 (45%)
 [nq] 1,720/3,452 (50%)
 [nq] 1,892/3,452 (55%)
 [nq] 2,064/3,452 (60%)
 [nq] 2,236/3,452 (65%)
 [nq] 2,408/3,452 (70%)
 [nq] 2,580/3,452 (75%)
 [nq] 2,752/3,452 (80%)
 [nq] 2,924/3,452 (85%)
 [nq] 3,096/3,452 (90%)
 [nq] 3,268/3,452 (95%)
 [nq] 3,440/3,452 (100%)
 [nq] 3,452/3,452 (100%) 

==============================================================================
 BEIR BENCHMARK RESULTS
==============================================================================

 Dataset Queries NDCG@10 R@10 R@100 MRR@10 Latency
 ────────────── ─────── ───────── ──────── ──────── ──────── ──────────
 scifact 300 0.6872 0.8055 0.9213 0.6555 10.62ms
 nfcorpus 3,237 0.3241 0.1511 0.2492 0.5271 2.65ms
 fiqa 648 0.2434 0.3087 0.5462 0.2983 7.54ms
 hotpotqa 7,405 0.6241 0.6481 0.7902 0.7953 145.57ms
 fever 6,666 0.5975 0.7537 0.8905 0.5644 139.59ms
 nq 3,452 0.3099 0.4746 0.7640 0.2693 68.47ms
 ────────────── ─────── ───────── ──────── ──────── ──────── ──────────
 AVERAGE 21,708 0.4644 0.5236 0.6936 0.5183 104.18ms

──────────────────────────────────────────────────────────────────────────────
 REFERENCE: Published NDCG@10 on BEIR (retrieval-only, no reranking)
──────────────────────────────────────────────────────────────────────────────

 BM25 (sparse baseline): ~0.30-0.35 average
 DPR (dense, 2020): ~0.25-0.30 average
 ColBERT v2 (late-interact): ~0.40-0.50 average
 E5-large (dense, 2024): ~0.45-0.55 average
 BGE-reranker (2024): ~0.50-0.60 average

 Note: These are approximate ranges across BEIR datasets.
 Your system's advantage is LATENCY, not necessarily NDCG.
 Sub-ms retrieval at competitive accuracy = the story.

==============================================================================


--- stderr ---

 0%| | 0/5183 [00:00<?, ?it/s]
100%|██████████| 5183/5183 [00:00<00:00, 196657.21it/s]

 0%| | 0/57638 [00:00<?, ?it/s]
 49%|████▊ | 28066/57638 [00:00<00:00, 280638.19it/s]
 97%|█████████▋| 56130/57638 [00:00<00:00, 276871.07it/s]
100%|██████████| 57638/57638 [00:00<00:00, 277384.69it/s]

 0%| | 0/5233329 [00:00<?, ?it/s]
 1%| | 30440/5233329 [00:00<00:17, 304392.31it/s]
 1%|▏ | 65842/5233329 [00:00<00:15, 333578.40it/s]
 2%|▏ | 99200/5233329 [00:00<00:15, 332891.80it/s]
 3%|▎ | 132490/5233329 [00:00<00:15, 324720.03it/s]
 3%|▎ | 164991/5233329 [00:00<00:15, 319694.04it/s]
 4%|▍ | 196985/5233329 [00:00<00:16, 313861.13it/s]
 4%|▍ | 228396/5233329 [00:00<00:15, 313430.97it/s]
 5%|▍ | 259988/5233329 [00:00<00:15, 314204.61it/s]
 6%|▌ | 291808/5233329 [00:00<00:15, 315434.43it/s]
 6%|▌ | 323362/5233329 [00:01<00:15, 313199.26it/s]
 7%|▋ | 354691/5233329 [00:01<00:16, 303061.52it/s]
 7%|▋ | 386413/5233329 [00:01<00:15, 307232.37it/s]
 8%|▊ | 417275/5233329 [00:01<00:15, 307640.23it/s]
 9%|▊ | 448081/5233329 [00:01<00:15, 306101.91it/s]
 9%|▉ | 478720/5233329 [00:01<00:15, 305501.64it/s]
 10%|▉ | 509290/5233329 [00:01<00:15, 303072.44it/s]
 10%|█ | 539613/5233329 [00:01<00:15, 301858.67it/s]
 11%|█ | 569810/5233329 [00:01<00:15, 300591.15it/s]
 11%|█▏ | 599876/5233329 [00:01<00:15, 300587.00it/s]
 12%|█▏ | 629940/5233329 [00:02<00:15, 300311.89it/s]
 13%|█▎ | 659975/5233329 [00:02<00:15, 299459.60it/s]
 13%|█▎ | 690150/5233329 [00:02<00:15, 300139.11it/s]
 14%|█▍ | 720166/5233329 [00:02<00:15, 285127.12it/s]
 14%|█▍ | 751625/5233329 [00:02<00:15, 293622.38it/s]
 15%|█▍ | 782987/5233329 [00:02<00:14, 299454.33it/s]
 16%|█▌ | 813747/5233329 [00:02<00:14, 301849.08it/s]
 16%|█▌ | 844642/5233329 [00:02<00:14, 303947.50it/s]
 17%|█▋ | 876144/5233329 [00:02<00:14, 307234.34it/s]
 17%|█▋ | 906915/5233329 [00:02<00:14, 306704.82it/s]
 18%|█▊ | 937671/5233329 [00:03<00:13, 306951.79it/s]
 19%|█▊ | 968390/5233329 [00:03<00:13, 305760.59it/s]
 19%|█▉ | 998983/5233329 [00:03<00:13, 305154.66it/s]
 20%|█▉ | 1029771/5233329 [00:03<00:13, 305965.32it/s]
 20%|██ | 1060720/5233329 [00:03<00:13, 307015.10it/s]
 21%|██ | 1091428/5233329 [00:03<00:13, 306727.88it/s]
 21%|██▏ | 1122106/5233329 [00:03<00:13, 306279.06it/s]
 22%|██▏ | 1152738/5233329 [00:03<00:13, 305550.51it/s]
 23%|██▎ | 1183296/5233329 [00:03<00:13, 304695.49it/s]
 23%|██▎ | 1214442/5233329 [00:03<00:13, 306714.07it/s]
 24%|██▍ | 1245713/5233329 [00:04<00:12, 308505.15it/s]
 24%|██▍ | 1276566/5233329 [00:04<00:12, 308043.56it/s]
 25%|██▍ | 1307372/5233329 [00:04<00:12, 307719.95it/s]
 26%|██▌ | 1338146/5233329 [00:04<00:12, 307108.43it/s]
 26%|██▌ | 1368858/5233329 [00:04<00:12, 305646.31it/s]
 27%|██▋ | 1399425/5233329 [00:04<00:13, 275232.19it/s]
 27%|██▋ | 1431222/5233329 [00:04<00:13, 287072.72it/s]
 28%|██▊ | 1463571/5233329 [00:04<00:12, 297403.71it/s]
 29%|██▊ | 1494639/5233329 [00:04<00:12, 301230.27it/s]
 29%|██▉ | 1525879/5233329 [00:05<00:12, 304485.13it/s]
 30%|██▉ | 1557135/5233329 [00:05<00:11, 306857.96it/s]
 30%|███ | 1589272/5233329 [00:05<00:11, 311150.56it/s]
 31%|███ | 1621086/5233329 [00:05<00:11, 313223.24it/s]
 32%|███▏ | 1654436/5233329 [00:05<00:11, 319262.58it/s]
 32%|███▏ | 1687427/5233329 [00:05<00:10, 322439.54it/s]
 33%|███▎ | 1721608/5233329 [00:05<00:10, 328228.73it/s]
 34%|███▎ | 1754465/5233329 [00:05<00:10, 326897.98it/s]
 34%|███▍ | 1787180/5233329 [00:05<00:10, 325088.08it/s]
 35%|███▍ | 1819708/5233329 [00:05<00:10, 323329.19it/s]
 35%|███▌ | 1852056/5233329 [00:06<00:10, 322816.97it/s]
 36%|███▌ | 1884348/5233329 [00:06<00:10, 322329.48it/s]
 37%|███▋ | 1916588/5233329 [00:06<00:10, 321600.03it/s]
 37%|███▋ | 1949585/5233329 [00:06<00:10, 324092.05it/s]
 38%|███▊ | 1982729/5233329 [00:06<00:09, 326284.72it/s]
 39%|███▊ | 2015362/5233329 [00:06<00:09, 325804.65it/s]
 39%|███▉ | 2047946/5233329 [00:06<00:09, 321122.87it/s]
 40%|███▉ | 2080075/5233329 [00:06<00:09, 318393.55it/s]
 40%|████ | 2111928/5233329 [00:06<00:09, 316619.01it/s]
 41%|████ | 2144317/5233329 [00:06<00:09, 318767.60it/s]
 42%|████▏ | 2176267/5233329 [00:07<00:09, 318983.39it/s]
 42%|████▏ | 2208173/5233329 [00:07<00:09, 316514.08it/s]
 43%|████▎ | 2240246/5233329 [00:07<00:09, 317758.79it/s]
 43%|████▎ | 2272029/5233329 [00:07<00:09, 317735.87it/s]
 44%|████▍ | 2304362/5233329 [00:07<00:09, 319400.17it/s]
 45%|████▍ | 2336307/5233329 [00:07<00:09, 318978.27it/s]
 45%|████▌ | 2368208/5233329 [00:07<00:09, 315466.84it/s]
 46%|████▌ | 2399765/5233329 [00:07<00:09, 314119.03it/s]
 46%|████▋ | 2431184/5233329 [00:07<00:09, 310016.51it/s]
 47%|████▋ | 2462199/5233329 [00:07<00:09, 306919.99it/s]
 48%|████▊ | 2492903/5233329 [00:08<00:08, 306355.84it/s]
 48%|████▊ | 2524880/5233329 [00:08<00:08, 310319.49it/s]
 49%|████▉ | 2557292/5233329 [00:08<00:08, 314414.82it/s]
 49%|████▉ | 2588746/5233329 [00:08<00:08, 314295.73it/s]
 50%|█████ | 2620513/5233329 [00:08<00:08, 315300.67it/s]
 51%|█████ | 2652630/5233329 [00:08<00:08, 317048.17it/s]
 51%|█████▏ | 2685043/5233329 [00:08<00:07, 319164.91it/s]
 52%|█████▏ | 2717244/5233329 [00:08<00:07, 320014.43it/s]
 53%|█████▎ | 2749249/5233329 [00:08<00:07, 317225.30it/s]
 53%|█████▎ | 2781243/5233329 [00:08<00:07, 318032.02it/s]
 54%|█████▍ | 2813052/5233329 [00:09<00:09, 248355.31it/s]
 54%|█████▍ | 2845502/5233329 [00:09<00:08, 267376.22it/s]
 55%|█████▍ | 2877329/5233329 [00:09<00:08, 280759.17it/s]
 56%|█████▌ | 2910020/5233329 [00:09<00:07, 293361.50it/s]
 56%|█████▌ | 2941403/5233329 [00:09<00:07, 299104.21it/s]
 57%|█████▋ | 2974458/5233329 [00:09<00:07, 308100.24it/s]
 57%|█████▋ | 3006949/5233329 [00:09<00:07, 312975.43it/s]
 58%|█████▊ | 3038769/5233329 [00:09<00:06, 314502.50it/s]
 59%|█████▊ | 3070875/5233329 [00:09<00:06, 316435.77it/s]
 59%|█████▉ | 3103291/5233329 [00:10<00:06, 318724.53it/s]
 60%|█████▉ | 3135907/5233329 [00:10<00:06, 320935.23it/s]
 61%|██████ | 3168540/5233329 [00:10<00:06, 322542.76it/s]
 61%|██████ | 3200883/5233329 [00:10<00:06, 317583.15it/s]
 62%|██████▏ | 3232979/5233329 [00:10<00:06, 318579.72it/s]
 62%|██████▏ | 3265542/5233329 [00:10<00:06, 320670.44it/s]
 63%|██████▎ | 3297651/5233329 [00:10<00:06, 318241.58it/s]
 64%|██████▎ | 3329507/5233329 [00:10<00:06, 315247.32it/s]
 64%|██████▍ | 3361058/5233329 [00:10<00:05, 314647.28it/s]
 65%|██████▍ | 3392642/5233329 [00:10<00:05, 314999.09it/s]
 65%|██████▌ | 3424155/5233329 [00:11<00:05, 312565.87it/s]
 66%|██████▌ | 3455654/5233329 [00:11<00:05, 313281.78it/s]
 67%|██████▋ | 3487703/5233329 [00:11<00:05, 315424.29it/s]
 67%|██████▋ | 3519464/5233329 [00:11<00:05, 316071.09it/s]
 68%|██████▊ | 3551285/5233329 [00:11<00:05, 316706.99it/s]
 68%|██████▊ | 3582961/5233329 [00:11<00:05, 315848.55it/s]
 69%|██████▉ | 3615059/5233329 [00:11<00:05, 317380.37it/s]
 70%|██████▉ | 3646800/5233329 [00:11<00:05, 316192.55it/s]
 70%|███████ | 3679129/5233329 [00:11<00:04, 318310.43it/s]
 71%|███████ | 3711431/5233329 [00:11<00:04, 319710.93it/s]
 72%|███████▏ | 3743823/5233329 [00:12<00:04, 320966.79it/s]
 72%|███████▏ | 3775922/5233329 [00:12<00:04, 318426.53it/s]
 73%|███████▎ | 3807771/5233329 [00:12<00:04, 316709.31it/s]
 73%|███████▎ | 3839447/5233329 [00:12<00:04, 314979.22it/s]
 74%|███████▍ | 3870950/5233329 [00:12<00:04, 313788.09it/s]
 75%|███████▍ | 3902332/5233329 [00:12<00:04, 310027.94it/s]
 75%|███████▌ | 3933420/5233329 [00:12<00:04, 310277.82it/s]
 76%|███████▌ | 3964455/5233329 [00:12<00:04, 309964.61it/s]
 76%|███████▋ | 3995456/5233329 [00:12<00:04, 307996.75it/s]
 77%|███████▋ | 4026261/5233329 [00:12<00:03, 307331.87it/s]
 78%|███████▊ | 4058262/5233329 [00:13<00:03, 311098.89it/s]
 78%|███████▊ | 4090273/5233329 [00:13<00:03, 313771.01it/s]
 79%|███████▉ | 4121656/5233329 [00:13<00:03, 312883.17it/s]
 79%|███████▉ | 4153245/5233329 [00:13<00:03, 313778.74it/s]
 80%|███████▉ | 4184798/5233329 [00:13<00:03, 314299.65it/s]
 81%|████████ | 4216231/5233329 [00:13<00:03, 313021.54it/s]
 81%|████████ | 4247536/5233329 [00:13<00:03, 312387.37it/s]
 82%|████████▏ | 4278777/5233329 [00:13<00:03, 310263.15it/s]
 82%|████████▏ | 4310259/5233329 [00:13<00:02, 311615.53it/s]
 83%|████████▎ | 4342669/5233329 [00:13<00:02, 315333.28it/s]
 84%|████████▎ | 4374271/5233329 [00:14<00:02, 315535.87it/s]
 84%|████████▍ | 4406343/5233329 [00:14<00:02, 317084.81it/s]
 85%|████████▍ | 4438166/5233329 [00:14<00:02, 317425.75it/s]
 85%|████████▌ | 4470638/5233329 [00:14<00:02, 319609.27it/s]
 86%|████████▌ | 4503184/5233329 [00:14<00:02, 321359.21it/s]
 87%|████████▋ | 4535322/5233329 [00:14<00:02, 320914.80it/s]
 87%|████████▋ | 4567534/5233329 [00:14<00:02, 321271.57it/s]
 88%|████████▊ | 4599662/5233329 [00:14<00:01, 319984.46it/s]
 89%|████████▊ | 4632127/5233329 [00:14<00:01, 321376.74it/s]
 89%|████████▉ | 4664872/5233329 [00:14<00:01, 323192.21it/s]
 90%|████████▉ | 4697193/5233329 [00:15<00:01, 321005.10it/s]
 90%|█████████ | 4729298/5233329 [00:15<00:01, 317497.79it/s]
 91%|█████████ | 4761058/5233329 [00:15<00:01, 315494.38it/s]
 92%|█████████▏| 4792615/5233329 [00:15<00:01, 315363.00it/s]
 92%|█████████▏| 4824516/5233329 [00:15<00:01, 316444.95it/s]
 93%|█████████▎| 4856166/5233329 [00:15<00:01, 314034.56it/s]
 93%|█████████▎| 4887576/5233329 [00:15<00:01, 312744.80it/s]
 94%|█████████▍| 4918855/5233329 [00:15<00:01, 310473.45it/s]
 95%|█████████▍| 4950584/5233329 [00:15<00:00, 312489.86it/s]
 95%|█████████▌| 4982245/5233329 [00:15<00:00, 313712.40it/s]
 96%|█████████▌| 5013622/5233329 [00:16<00:00, 312564.73it/s]
 96%|█████████▋| 5046021/5233329 [00:16<00:00, 315966.93it/s]
 97%|█████████▋| 5078032/5233329 [00:16<00:00, 317199.51it/s]
 98%|█████████▊| 5110851/5233329 [00:16<00:00, 320482.30it/s]
 98%|█████████▊| 5143257/5233329 [00:16<00:00, 321550.19it/s]
 99%|█████████▉| 5175416/5233329 [00:16<00:00, 321151.71it/s]
100%|█████████▉| 5207851/5233329 [00:16<00:00, 322106.34it/s]
100%|██████████| 5233329/5233329 [00:16<00:00, 312040.71it/s]

 0%| | 0/5416568 [00:00<?, ?it/s]
 1%| | 32557/5416568 [00:00<00:16, 325561.77it/s]
 1%| | 65114/5416568 [00:00<00:16, 324577.18it/s]
 2%|▏ | 97572/5416568 [00:00<00:16, 322669.76it/s]
 2%|▏ | 129841/5416568 [00:00<00:16, 321672.70it/s]
 3%|▎ | 162009/5416568 [00:00<00:16, 311371.60it/s]
 4%|▎ | 193198/5416568 [00:00<00:17, 301743.23it/s]
 4%|▍ | 223441/5416568 [00:00<00:17, 301054.92it/s]
 5%|▍ | 253591/5416568 [00:00<00:18, 279423.74it/s]
 5%|▌ | 281810/5416568 [00:00<00:20, 249933.80it/s]
 6%|▌ | 307434/5416568 [00:01<00:22, 228929.37it/s]
 6%|▌ | 330935/5416568 [00:01<00:23, 212800.12it/s]
 7%|▋ | 352692/5416568 [00:01<00:25, 196837.48it/s]
 7%|▋ | 380815/5416568 [00:01<00:23, 218036.59it/s]
 8%|▊ | 409074/5416568 [00:01<00:21, 235083.71it/s]
 8%|▊ | 437179/5416568 [00:01<00:20, 247673.69it/s]
 9%|▊ | 465266/5416568 [00:01<00:19, 257007.48it/s]
 9%|▉ | 493333/5416568 [00:01<00:18, 263787.05it/s]
 10%|▉ | 521230/5416568 [00:01<00:18, 268196.10it/s]
 10%|█ | 549767/5416568 [00:02<00:17, 273229.91it/s]
 11%|█ | 577731/5416568 [00:02<00:17, 274925.68it/s]
 11%|█ | 606006/5416568 [00:02<00:17, 277242.33it/s]
 12%|█▏ | 633841/5416568 [00:02<00:17, 276936.24it/s]
 12%|█▏ | 661612/5416568 [00:02<00:17, 267127.86it/s]
 13%|█▎ | 688449/5416568 [00:02<00:19, 240929.73it/s]
 13%|█▎ | 713073/5416568 [00:02<00:23, 201543.32it/s]
 14%|█▎ | 734545/5416568 [00:02<00:23, 198719.12it/s]
 14%|█▍ | 755304/5416568 [00:03<00:23, 197964.46it/s]
 14%|█▍ | 776384/5416568 [00:03<00:23, 201330.70it/s]
 15%|█▍ | 799717/5416568 [00:03<00:21, 210057.98it/s]
 15%|█▌ | 827823/5416568 [00:03<00:19, 229967.61it/s]
 16%|█▌ | 855864/5416568 [00:03<00:18, 244393.85it/s]
 16%|█▋ | 884229/5416568 [00:03<00:17, 255777.82it/s]
 17%|█▋ | 912291/5416568 [00:03<00:17, 263053.13it/s]
 17%|█▋ | 940886/5416568 [00:03<00:16, 269805.55it/s]
 18%|█▊ | 968784/5416568 [00:03<00:16, 272524.65it/s]
 18%|█▊ | 996324/5416568 [00:03<00:16, 273364.39it/s]
 19%|█▉ | 1024040/5416568 [00:04<00:16, 274493.27it/s]
 19%|█▉ | 1051551/5416568 [00:04<00:16, 264449.38it/s]
 20%|█▉ | 1078116/5416568 [00:04<00:18, 238802.30it/s]
 20%|██ | 1102513/5416568 [00:04<00:19, 221726.46it/s]
 21%|██ | 1125197/5416568 [00:04<00:20, 211963.51it/s]
 21%|██ | 1146824/5416568 [00:04<00:20, 213099.93it/s]
 22%|██▏ | 1168403/5416568 [00:04<00:20, 205536.24it/s]
 22%|██▏ | 1189151/5416568 [00:04<00:21, 198596.24it/s]
 22%|██▏ | 1213252/5416568 [00:04<00:19, 210194.11it/s]
 23%|██▎ | 1241335/5416568 [00:05<00:18, 230035.84it/s]
 23%|██▎ | 1268991/5416568 [00:05<00:17, 243357.26it/s]
 24%|██▍ | 1296931/5416568 [00:05<00:16, 253819.65it/s]
 24%|██▍ | 1324157/5416568 [00:05<00:15, 259223.33it/s]
 25%|██▍ | 1351472/5416568 [00:05<00:15, 263331.36it/s]
 25%|██▌ | 1378612/5416568 [00:05<00:15, 265717.91it/s]
 26%|██▌ | 1405272/5416568 [00:05<00:17, 235839.25it/s]
 26%|██▋ | 1433640/5416568 [00:05<00:15, 248933.96it/s]
 27%|██▋ | 1459130/5416568 [00:05<00:17, 231628.06it/s]
 27%|██▋ | 1485743/5416568 [00:06<00:16, 240966.74it/s]
 28%|██▊ | 1513116/5416568 [00:06<00:15, 250102.27it/s]
 28%|██▊ | 1539791/5416568 [00:06<00:15, 254843.17it/s]
 29%|██▉ | 1567019/5416568 [00:06<00:14, 259884.96it/s]
 29%|██▉ | 1593657/5416568 [00:06<00:14, 261778.36it/s]
 30%|██▉ | 1620015/5416568 [00:06<00:15, 248690.57it/s]
 30%|███ | 1646870/5416568 [00:06<00:14, 254349.14it/s]
 31%|███ | 1673961/5416568 [00:06<00:14, 259140.94it/s]
 31%|███▏ | 1701128/5416568 [00:06<00:14, 262803.37it/s]
 32%|███▏ | 1728398/5416568 [00:06<00:13, 265717.95it/s]
 32%|███▏ | 1755636/5416568 [00:07<00:13, 267690.17it/s]
 33%|███▎ | 1782471/5416568 [00:07<00:13, 267579.49it/s]
 33%|███▎ | 1809275/5416568 [00:07<00:13, 266570.41it/s]
 34%|███▍ | 1835967/5416568 [00:07<00:13, 266671.14it/s]
 34%|███▍ | 1862657/5416568 [00:07<00:13, 266736.27it/s]
 35%|███▍ | 1889347/5416568 [00:07<00:13, 264899.38it/s]
 35%|███▌ | 1915851/5416568 [00:07<00:13, 261495.57it/s]
 36%|███▌ | 1942018/5416568 [00:07<00:13, 258705.30it/s]
 36%|███▋ | 1967904/5416568 [00:07<00:13, 256047.28it/s]
 37%|███▋ | 1993913/5416568 [00:07<00:13, 257234.73it/s]
 37%|███▋ | 2020218/5416568 [00:08<00:13, 258951.60it/s]
 38%|███▊ | 2046278/5416568 [00:08<00:12, 259439.32it/s]
 38%|███▊ | 2072230/5416568 [00:08<00:13, 253123.30it/s]
 39%|███▉ | 2099257/5416568 [00:08<00:12, 258151.07it/s]
 39%|███▉ | 2126355/5416568 [00:08<00:12, 261885.13it/s]
 40%|███▉ | 2153524/5416568 [00:08<00:12, 264788.88it/s]
 40%|████ | 2180079/5416568 [00:08<00:12, 265013.45it/s]
 41%|████ | 2206598/5416568 [00:08<00:12, 264250.02it/s]
 41%|████ | 2233036/5416568 [00:08<00:12, 262803.98it/s]
 42%|████▏ | 2259327/5416568 [00:08<00:12, 261285.19it/s]
 42%|████▏ | 2285837/5416568 [00:09<00:11, 262376.28it/s]
 43%|████▎ | 2312082/5416568 [00:09<00:13, 234402.01it/s]
 43%|████▎ | 2336074/5416568 [00:09<00:14, 217050.56it/s]
 44%|████▎ | 2358339/5416568 [00:09<00:14, 205489.78it/s]
 44%|████▍ | 2379316/5416568 [00:09<00:15, 199267.90it/s]
 44%|████▍ | 2399520/5416568 [00:09<00:15, 194854.85it/s]
 45%|████▍ | 2420286/5416568 [00:09<00:15, 198313.25it/s]
 45%|████▌ | 2446772/5416568 [00:09<00:13, 216807.14it/s]
 46%|████▌ | 2473946/5416568 [00:10<00:12, 232439.11it/s]
 46%|████▌ | 2501890/5416568 [00:10<00:11, 246021.15it/s]
 47%|████▋ | 2529013/5416568 [00:10<00:11, 253387.11it/s]
 47%|████▋ | 2556055/5416568 [00:10<00:11, 258400.56it/s]
 48%|████▊ | 2583065/5416568 [00:10<00:10, 261861.49it/s]
 48%|████▊ | 2610094/5416568 [00:10<00:10, 264227.92it/s]
 49%|████▊ | 2637973/5416568 [00:10<00:10, 268564.25it/s]
 49%|████▉ | 2665642/5416568 [00:10<00:10, 270987.27it/s]
 50%|████▉ | 2692876/5416568 [00:10<00:10, 271385.63it/s]
 50%|█████ | 2720236/5416568 [00:10<00:09, 272044.20it/s]
 51%|█████ | 2747460/5416568 [00:11<00:10, 259159.82it/s]
 51%|█████ | 2773517/5416568 [00:11<00:11, 239901.44it/s]
 52%|█████▏ | 2797849/5416568 [00:11<00:13, 188115.59it/s]
 52%|█████▏ | 2825609/5416568 [00:11<00:12, 209216.04it/s]
 53%|█████▎ | 2852365/5416568 [00:11<00:11, 223916.56it/s]
 53%|█████▎ | 2879601/5416568 [00:11<00:10, 236738.09it/s]
 54%|█████▎ | 2907077/5416568 [00:11<00:10, 247162.03it/s]
 54%|█████▍ | 2934360/5416568 [00:11<00:09, 254384.75it/s]
 55%|█████▍ | 2961983/5416568 [00:11<00:09, 260648.97it/s]
 55%|█████▌ | 2990401/5416568 [00:12<00:09, 267485.74it/s]
 56%|█████▌ | 3018787/5416568 [00:12<00:08, 272286.05it/s]
 56%|█████▌ | 3046774/5416568 [00:12<00:08, 274524.16it/s]
 57%|█████▋ | 3074677/5416568 [00:12<00:08, 275859.12it/s]
 57%|█████▋ | 3102713/5416568 [00:12<00:08, 277196.96it/s]
 58%|█████▊ | 3130538/5416568 [00:12<00:09, 253776.80it/s]
 58%|█████▊ | 3156371/5416568 [00:12<00:09, 249532.05it/s]
 59%|█████▉ | 3183998/5416568 [00:12<00:08, 257060.84it/s]
 59%|█████▉ | 3211457/5416568 [00:12<00:08, 262088.73it/s]
 60%|█████▉ | 3239123/5416568 [00:12<00:08, 266311.17it/s]
 60%|██████ | 3266836/5416568 [00:13<00:07, 269483.79it/s]
 61%|██████ | 3294289/5416568 [00:13<00:07, 270972.79it/s]
 61%|██████▏ | 3322119/5416568 [00:13<00:07, 273144.99it/s]
 62%|██████▏ | 3349497/5416568 [00:13<00:07, 273247.23it/s]
 62%|██████▏ | 3377243/5416568 [00:13<00:07, 274500.37it/s]
 63%|██████▎ | 3404929/5416568 [00:13<00:07, 275195.16it/s]
 63%|██████▎ | 3432919/5416568 [00:13<00:07, 276598.63it/s]
 64%|██████▍ | 3460871/5416568 [00:13<00:07, 277392.81it/s]
 64%|██████▍ | 3488622/5416568 [00:13<00:06, 276294.44it/s]
 65%|██████▍ | 3516261/5416568 [00:13<00:06, 275505.20it/s]
 65%|██████▌ | 3543818/5416568 [00:14<00:06, 275162.87it/s]
 66%|██████▌ | 3571339/5416568 [00:14<00:06, 272182.59it/s]
 66%|██████▋ | 3598567/5416568 [00:14<00:06, 271550.17it/s]
 67%|██████▋ | 3626117/5416568 [00:14<00:06, 272722.58it/s]
 67%|██████▋ | 3653395/5416568 [00:14<00:06, 272683.00it/s]
 68%|██████▊ | 3680758/5416568 [00:14<00:06, 272962.55it/s]
 68%|██████▊ | 3708370/5416568 [00:14<00:06, 273904.02it/s]
 69%|██████▉ | 3735763/5416568 [00:14<00:06, 254346.00it/s]
 69%|██████▉ | 3761476/5416568 [00:14<00:07, 236220.39it/s]
 70%|██████▉ | 3788713/5416568 [00:15<00:06, 246094.54it/s]
 70%|███████ | 3816134/5416568 [00:15<00:06, 253984.40it/s]
 71%|███████ | 3843385/5416568 [00:15<00:06, 259284.57it/s]
 71%|███████▏ | 3869560/5416568 [00:15<00:06, 255267.92it/s]
 72%|███████▏ | 3896825/5416568 [00:15<00:05, 260293.81it/s]
 72%|███████▏ | 3923931/5416568 [00:15<00:05, 263437.82it/s]
 73%|███████▎ | 3951466/5416568 [00:15<00:05, 266944.14it/s]
 73%|███████▎ | 3978675/5416568 [00:15<00:05, 268464.25it/s]
 74%|███████▍ | 4005581/5416568 [00:15<00:05, 246478.75it/s]
 74%|███████▍ | 4030613/5416568 [00:16<00:06, 227324.94it/s]
 75%|███████▍ | 4053836/5416568 [00:16<00:06, 215656.85it/s]
 75%|███████▌ | 4075785/5416568 [00:16<00:06, 208256.11it/s]
 76%|███████▌ | 4096865/5416568 [00:16<00:06, 203461.90it/s]
 76%|███████▌ | 4117367/5416568 [00:16<00:06, 198991.51it/s]
 77%|███████▋ | 4144612/5416568 [00:16<00:05, 219145.61it/s]
 77%|███████▋ | 4171982/5416568 [00:16<00:05, 234506.30it/s]
 78%|███████▊ | 4199175/5416568 [00:16<00:04, 245240.26it/s]
 78%|███████▊ | 4226515/5416568 [00:16<00:04, 253422.09it/s]
 79%|███████▊ | 4254151/5416568 [00:16<00:04, 260146.77it/s]
 79%|███████▉ | 4282447/5416568 [00:17<00:04, 266883.05it/s]
 80%|███████▉ | 4310310/5416568 [00:17<00:04, 270365.60it/s]
 80%|████████ | 4338029/5416568 [00:17<00:03, 272393.65it/s]
 81%|████████ | 4365331/5416568 [00:17<00:03, 272359.74it/s]
 81%|████████ | 4392611/5416568 [00:17<00:03, 257512.51it/s]
 82%|████████▏ | 4418557/5416568 [00:17<00:04, 244521.94it/s]
 82%|████████▏ | 4445233/5416568 [00:17<00:03, 250748.16it/s]
 83%|████████▎ | 4472006/5416568 [00:17<00:03, 255597.42it/s]
 83%|████████▎ | 4498876/5416568 [00:17<00:03, 259392.56it/s]
 84%|████████▎ | 4525605/5416568 [00:18<00:03, 261703.11it/s]
 84%|████████▍ | 4551874/5416568 [00:18<00:03, 255297.67it/s]
 85%|████████▍ | 4578760/5416568 [00:18<00:03, 259243.05it/s]
 85%|████████▌ | 4605885/5416568 [00:18<00:03, 262768.21it/s]
 86%|████████▌ | 4632425/5416568 [00:18<00:02, 263544.45it/s]
 86%|████████▌ | 4659290/5416568 [00:18<00:02, 265058.17it/s]
 87%|████████▋ | 4686273/5416568 [00:18<00:02, 266470.80it/s]
 87%|████████▋ | 4713160/5416568 [00:18<00:02, 267183.88it/s]
 88%|████████▊ | 4740533/5416568 [00:18<00:02, 269139.14it/s]
 88%|████████▊ | 4767943/5416568 [00:18<00:02, 270621.96it/s]
 89%|████████▊ | 4795201/5416568 [00:19<00:02, 271205.88it/s]
 89%|████████▉ | 4822329/5416568 [00:19<00:02, 246663.98it/s]
 89%|████████▉ | 4847427/5416568 [00:19<00:02, 224759.13it/s]
 90%|████████▉ | 4870503/5416568 [00:19<00:02, 213194.52it/s]
 90%|█████████ | 4892277/5416568 [00:19<00:02, 205722.72it/s]
 91%|█████████ | 4913151/5416568 [00:19<00:02, 199725.09it/s]
 91%|█████████ | 4934491/5416568 [00:19<00:02, 203392.84it/s]
 92%|█████████▏| 4960038/5416568 [00:19<00:02, 217823.81it/s]
 92%|█████████▏| 4983045/5416568 [00:19<00:01, 221293.49it/s]
 92%|█████████▏| 5005364/5416568 [00:20<00:01, 209747.29it/s]
 93%|█████████▎| 5026568/5416568 [00:20<00:01, 201387.19it/s]
 93%|█████████▎| 5046897/5416568 [00:20<00:01, 195818.04it/s]
 94%|█████████▎| 5066610/5416568 [00:20<00:01, 192007.51it/s]
 94%|█████████▍| 5088743/5416568 [00:20<00:01, 200200.14it/s]
 94%|█████████▍| 5114512/5416568 [00:20<00:01, 216601.50it/s]
 95%|█████████▍| 5140073/5416568 [00:20<00:01, 227895.06it/s]
 95%|█████████▌| 5163020/5416568 [00:20<00:01, 214997.96it/s]
 96%|█████████▌| 5184762/5416568 [00:20<00:01, 205650.46it/s]
 96%|█████████▌| 5205543/5416568 [00:21<00:01, 198379.81it/s]
 96%|█████████▋| 5225545/5416568 [00:21<00:00, 194157.12it/s]
 97%|█████████▋| 5245066/5416568 [00:21<00:00, 190027.88it/s]
 97%|█████████▋| 5266690/5416568 [00:21<00:00, 197356.70it/s]
 98%|█████████▊| 5292649/5416568 [00:21<00:00, 215123.78it/s]
 98%|█████████▊| 5318055/5416568 [00:21<00:00, 226400.13it/s]
 99%|█████████▊| 5343838/5416568 [00:21<00:00, 235597.66it/s]
 99%|█████████▉| 5369054/5416568 [00:21<00:00, 240478.48it/s]
100%|█████████▉| 5394392/5416568 [00:21<00:00, 244297.85it/s]
100%|██████████| 5416568/5416568 [00:21<00:00, 246642.89it/s]

 0%| | 0/2681468 [00:00<?, ?it/s]
 1%| | 26423/2681468 [00:00<00:10, 264210.09it/s]
 2%|▏ | 52845/2681468 [00:00<00:12, 204013.66it/s]
 3%|▎ | 74075/2681468 [00:00<00:14, 183117.49it/s]
 3%|▎ | 92871/2681468 [00:00<00:15, 169945.32it/s]
 4%|▍ | 110126/2681468 [00:00<00:15, 168944.35it/s]
 5%|▍ | 127172/2681468 [00:00<00:15, 168616.36it/s]
 5%|▌ | 146454/2681468 [00:00<00:14, 175852.18it/s]
 6%|▌ | 165037/2681468 [00:00<00:14, 178837.19it/s]
 7%|▋ | 183029/2681468 [00:01<00:14, 173301.60it/s]
 8%|▊ | 201618/2681468 [00:01<00:14, 176985.42it/s]
 8%|▊ | 219740/2681468 [00:01<00:13, 178219.58it/s]
 9%|▉ | 238662/2681468 [00:01<00:13, 181476.84it/s]
 10%|▉ | 263169/2681468 [00:01<00:12, 200392.81it/s]
 11%|█ | 288307/2681468 [00:01<00:11, 215596.82it/s]
 12%|█▏ | 314448/2681468 [00:01<00:10, 229281.37it/s]
 13%|█▎ | 339869/2681468 [00:01<00:09, 236666.83it/s]
 14%|█▎ | 363582/2681468 [00:01<00:09, 235312.98it/s]
 15%|█▍ | 389866/2681468 [00:01<00:09, 243518.19it/s]
 15%|█▌ | 414256/2681468 [00:02<00:09, 243629.54it/s]
 16%|█▋ | 438640/2681468 [00:02<00:10, 214235.32it/s]
 17%|█▋ | 460719/2681468 [00:02<00:11, 200226.52it/s]
 18%|█▊ | 481312/2681468 [00:02<00:11, 188402.49it/s]
 19%|█▉ | 504239/2681468 [00:02<00:10, 199090.80it/s]
 20%|█▉ | 529484/2681468 [00:02<00:10, 213605.01it/s]
 21%|██ | 555289/2681468 [00:02<00:09, 226041.49it/s]
 22%|██▏ | 580880/2681468 [00:02<00:08, 234571.01it/s]
 23%|██▎ | 605730/2681468 [00:02<00:08, 238603.01it/s]
 24%|██▎ | 633271/2681468 [00:03<00:08, 249377.32it/s]
 25%|██▍ | 661697/2681468 [00:03<00:07, 259658.12it/s]
 26%|██▌ | 689836/2681468 [00:03<00:07, 266097.43it/s]
 27%|██▋ | 716566/2681468 [00:03<00:07, 253533.40it/s]
 28%|██▊ | 745050/2681468 [00:03<00:07, 262510.25it/s]
 29%|██▉ | 771481/2681468 [00:03<00:08, 238348.04it/s]
 30%|██▉ | 795833/2681468 [00:03<00:08, 221405.67it/s]
 31%|███ | 819578/2681468 [00:03<00:08, 225661.34it/s]
 32%|███▏ | 846319/2681468 [00:03<00:07, 237135.81it/s]
 33%|███▎ | 873343/2681468 [00:04<00:07, 246467.85it/s]
 34%|███▎ | 900993/2681468 [00:04<00:06, 255028.00it/s]
 35%|███▍ | 928804/2681468 [00:04<00:06, 261733.95it/s]
 36%|███▌ | 956720/2681468 [00:04<00:06, 266845.50it/s]
 37%|███▋ | 985159/2681468 [00:04<00:06, 272022.36it/s]
 38%|███▊ | 1014022/2681468 [00:04<00:06, 276947.83it/s]
 39%|███▉ | 1042367/2681468 [00:04<00:05, 278880.50it/s]
 40%|███▉ | 1070917/2681468 [00:04<00:05, 280852.13it/s]
 41%|████ | 1100061/2681468 [00:04<00:05, 284013.72it/s]
 42%|████▏ | 1129042/2681468 [00:04<00:05, 285746.92it/s]
 43%|████▎ | 1157661/2681468 [00:05<00:05, 285807.44it/s]
 44%|████▍ | 1186259/2681468 [00:05<00:05, 284860.48it/s]
 45%|████▌ | 1214758/2681468 [00:05<00:05, 273833.28it/s]
 46%|████▋ | 1242239/2681468 [00:05<00:05, 253367.66it/s]
 47%|████▋ | 1267910/2681468 [00:05<00:05, 249205.38it/s]
 48%|████▊ | 1293053/2681468 [00:05<00:05, 247286.14it/s]
 49%|████▉ | 1318277/2681468 [00:05<00:05, 248687.46it/s]
 50%|█████ | 1343813/2681468 [00:05<00:05, 250608.17it/s]
 51%|█████ | 1368960/2681468 [00:05<00:05, 248646.21it/s]
 52%|█████▏ | 1394441/2681468 [00:05<00:05, 250444.31it/s]
 53%|█████▎ | 1419532/2681468 [00:06<00:05, 222029.33it/s]
 54%|█████▍ | 1447232/2681468 [00:06<00:05, 236848.39it/s]
 55%|█████▍ | 1474388/2681468 [00:06<00:04, 246545.34it/s]
 56%|█████▌ | 1501294/2681468 [00:06<00:04, 252966.70it/s]
 57%|█████▋ | 1528897/2681468 [00:06<00:04, 259643.13it/s]
 58%|█████▊ | 1555839/2681468 [00:06<00:04, 262502.57it/s]
 59%|█████▉ | 1582888/2681468 [00:06<00:04, 264785.97it/s]
 60%|██████ | 1611315/2681468 [00:06<00:03, 270556.80it/s]
 61%|██████ | 1639198/2681468 [00:06<00:03, 273014.67it/s]
 62%|██████▏ | 1666578/2681468 [00:07<00:03, 261430.37it/s]
 63%|██████▎ | 1693787/2681468 [00:07<00:03, 264432.96it/s]
 64%|██████▍ | 1721355/2681468 [00:07<00:03, 267720.50it/s]
 65%|██████▌ | 1748220/2681468 [00:07<00:03, 267619.74it/s]
 66%|██████▌ | 1775047/2681468 [00:07<00:03, 265637.14it/s]
 67%|██████▋ | 1801657/2681468 [00:07<00:03, 264762.46it/s]
 68%|██████▊ | 1828165/2681468 [00:07<00:03, 263284.27it/s]
 69%|██████▉ | 1855456/2681468 [00:07<00:03, 266130.26it/s]
 70%|███████ | 1883689/2681468 [00:07<00:02, 270811.94it/s]
 71%|███████▏ | 1911747/2681468 [00:07<00:02, 273719.08it/s]
 72%|███████▏ | 1939134/2681468 [00:08<00:02, 273668.38it/s]
 73%|███████▎ | 1966511/2681468 [00:08<00:02, 272177.21it/s]
 74%|███████▍ | 1993879/2681468 [00:08<00:02, 272618.62it/s]
 75%|███████▌ | 2021799/2681468 [00:08<00:02, 274579.43it/s]
 76%|███████▋ | 2049263/2681468 [00:08<00:02, 273865.22it/s]
 77%|███████▋ | 2076988/2681468 [00:08<00:02, 274873.23it/s]
 78%|███████▊ | 2104479/2681468 [00:08<00:02, 274569.43it/s]
 80%|███████▉ | 2131939/2681468 [00:08<00:02, 250886.66it/s]
 80%|████████ | 2157422/2681468 [00:08<00:02, 247653.92it/s]
 81%|████████▏ | 2184457/2681468 [00:08<00:01, 254070.26it/s]
 82%|████████▏ | 2210893/2681468 [00:09<00:01, 257029.80it/s]
 83%|████████▎ | 2237218/2681468 [00:09<00:01, 258836.64it/s]
 84%|████████▍ | 2264130/2681468 [00:09<00:01, 261856.16it/s]
 85%|████████▌ | 2290410/2681468 [00:09<00:01, 261592.78it/s]
 86%|████████▋ | 2316635/2681468 [00:09<00:01, 261696.71it/s]
 87%|████████▋ | 2342851/2681468 [00:09<00:01, 260637.27it/s]
 88%|████████▊ | 2369644/2681468 [00:09<00:01, 262802.33it/s]
 89%|████████▉ | 2395949/2681468 [00:09<00:01, 261875.31it/s]
 90%|█████████ | 2422155/2681468 [00:09<00:00, 261047.23it/s]
 91%|█████████▏| 2448903/2681468 [00:09<00:00, 262959.57it/s]
 92%|█████████▏| 2475210/2681468 [00:10<00:00, 262292.16it/s]
 93%|█████████▎| 2502031/2681468 [00:10<00:00, 264055.03it/s]
 94%|█████████▍| 2528443/2681468 [00:10<00:00, 263187.73it/s]
 95%|█████████▌| 2554805/2681468 [00:10<00:00, 263312.90it/s]
 96%|█████████▋| 2581140/2681468 [00:10<00:00, 255006.76it/s]
 97%|█████████▋| 2606888/2681468 [00:10<00:00, 255700.63it/s]
 98%|█████████▊| 2633398/2681468 [00:10<00:00, 258468.29it/s]
 99%|█████████▉| 2660188/2681468 [00:10<00:00, 261260.50it/s]
100%|██████████| 2681468/2681468 [00:10<00:00, 246538.97it/s]


==================================================================
  Elapsed: 3408.6s (56.8m)
  Exit code: 0
==================================================================