==================================================================
  Benchmark: cold_warm
  Date: 2026-02-21 09:13:41
  GPU: NVIDIA GeForce RTX 4090
==================================================================


==================================================================
 Cold vs Warm Latency Benchmark
==================================================================

 Loading SciFact corpus...
 Loading scifact from HuggingFace... FAILED: Dataset scripts are no longer supported, but found scifact.py
 Loading scifact corpus... 5,183 docs, 300 queries (0.0s)
 Corpus: 5,183 docs, 300 queries
 Indexing corpus...
 RT indexing 5,183 documents... done (0.8s, 26,603 terms, 598,451 postings)
 Index time: 804.4ms

 Cold query: "0-dimensional biomaterials show inductive properties...."
 Cold: 7.717ms (10 results)

 Running 20 warm queries...
 Warm avg: 10.061ms
 Warm p50: 8.465ms
 Warm p95: 17.100ms
 Warm p99: 17.100ms
 Warm range: [5.253 - 17.100]ms

 Repeat (same query, warm): 7.331ms (10 results)
 Deterministic: YES

==================================================================
 COLD vs WARM SUMMARY
==================================================================

 Cold (first query): 7.717ms
 Warm p50: 8.465ms
 Warm p95: 17.100ms
 Warm p99: 17.100ms
 Repeat (determinism): 7.331ms
 Cold/warm speedup: 0.9x
 Deterministic results: PASS

 Verdict: PASS

 Saved: results_cold_warm.json

--- stderr ---

 0%| | 0/5183 [00:00<?, ?it/s]
100%|██████████| 5183/5183 [00:00<00:00, 187242.81it/s]


==================================================================
  Elapsed: 5.1s (0.1m)
  Exit code: 0
==================================================================